<?xml version="1.0" encoding="utf-8"?><testsuites><testsuite name="pytest" errors="0" failures="0" skipped="0" tests="5" time="11.864" timestamp="2023-11-06T14:55:00.544651" hostname="54b1c61bfe14"><testcase classname="tests.test_01_base" name="test_0_setup" time="0.185" /><testcase classname="tests.test_01_base" name="test_1_setup" time="0.021" /><testcase classname="tests.test_01_base" name="test_2_sutup_with_db" time="10.234" /><testcase classname="tests.test_02_base" name="test_3_test_api1" time="0.150" /><testcase classname="tests.test_02_base" name="test_3_test_api2" time="0.130" /></testsuite></testsuites>