<?xml version="1.0" encoding="utf-8"?><testsuites><testsuite name="pytest" errors="0" failures="0" skipped="0" tests="5" time="13.418" timestamp="2023-10-09T15:15:07.987325" hostname="26a165a8290f"><testcase classname="tests.test_01_base" name="test_0_setup" time="0.393" /><testcase classname="tests.test_01_base" name="test_1_setup" time="0.031" /><testcase classname="tests.test_01_base" name="test_2_sutup_with_db" time="10.718" /><testcase classname="tests.test_02_base" name="test_3_test_api1" time="0.150" /><testcase classname="tests.test_02_base" name="test_3_test_api2" time="0.179" /></testsuite></testsuites>